<?xml version="1.0" encoding="UTF-8"?>
<testsuite xmlns:xsi="http://www.w3.org/2001/XMLSchema-instance" xsi:noNamespaceSchemaLocation="https://maven.apache.org/surefire/maven-surefire-plugin/xsd/surefire-test-report-3.0.xsd" version="3.0" name="uk.co.correvate.hr.devops.DevopsUnitTest" time="1.763" tests="2" errors="0" skipped="0" failures="0">
  <properties>
[...]
</properties>
  <testcase name="oldVersionTest" classname="uk.co.correvate.hr.devops.DevopsUnitTest" time="1.375">
    <system-out><![CDATA[10:02:13.282 [main] INFO  o.s.b.t.c.SpringBootTestContextBootstrapper - Neither @ContextConfiguration nor @ContextHierarchy found for test class [uk.co.correvate.hr.devops.DevopsUnitTest], using SpringBootContextLoader
10:02:13.285 [main] INFO  o.s.t.c.s.AbstractContextLoader - Could not detect default resource locations for test class [uk.co.correvate.hr.devops.DevopsUnitTest]: no resource found for suffixes {-context.xml, Context.groovy}.
10:02:13.285 [main] INFO  o.s.t.c.s.AnnotationConfigContextLoaderUtils - Could not detect default configuration classes for test class [uk.co.correvate.hr.devops.DevopsUnitTest]: DevopsUnitTest does not declare any static, non-private, non-final, nested classes annotated with @Configuration.
10:02:13.346 [main] INFO  o.s.b.t.c.SpringBootTestContextBootstrapper - Found @SpringBootConfiguration uk.co.correvate.hr.devops.DevopsTestApp for test class uk.co.correvate.hr.devops.DevopsUnitTest
10:02:13.468 [main] INFO  o.s.b.t.c.SpringBootTestContextBootstrapper - Loaded default TestExecutionListener class names from location [META-INF/spring.factories]: [org.springframework.boot.test.mock.mockito.MockitoTestExecutionListener, org.springframework.boot.test.mock.mockito.ResetMocksTestExecutionListener, org.springframework.boot.test.autoconfigure.restdocs.RestDocsTestExecutionListener, org.springframework.boot.test.autoconfigure.web.client.MockRestServiceServerResetTestExecutionListener, org.springframework.boot.test.autoconfigure.web.servlet.MockMvcPrintOnlyOnFailureTestExecutionListener, org.springframework.boot.test.autoconfigure.web.servlet.WebDriverTestExecutionListener, org.springframework.boot.test.autoconfigure.webservices.client.MockWebServiceServerTestExecutionListener, org.springframework.test.context.web.ServletTestExecutionListener, org.springframework.test.context.support.DirtiesContextBeforeModesTestExecutionListener, org.springframework.test.context.support.DependencyInjectionTestExecutionListener, org.springframework.test.context.support.DirtiesContextTestExecutionListener, org.springframework.test.context.transaction.TransactionalTestExecutionListener, org.springframework.test.context.jdbc.SqlScriptsTestExecutionListener, org.springframework.test.context.event.EventPublishingTestExecutionListener]
10:02:13.475 [main] INFO  o.s.b.t.c.SpringBootTestContextBootstrapper - Using TestExecutionListeners: [org.springframework.test.context.web.ServletTestExecutionListener@31d0e481, org.springframework.test.context.support.DirtiesContextBeforeModesTestExecutionListener@3243b914, org.springframework.boot.test.mock.mockito.MockitoTestExecutionListener@241e8ea6, org.springframework.boot.test.autoconfigure.SpringBootDependencyInjectionTestExecutionListener@542e560f, org.springframework.test.context.support.DirtiesContextTestExecutionListener@626c44e7, org.springframework.test.context.event.EventPublishingTestExecutionListener@4dc8caa7, org.springframework.boot.test.mock.mockito.ResetMocksTestExecutionListener@1d730606, org.springframework.boot.test.autoconfigure.restdocs.RestDocsTestExecutionListener@3bcbb589, org.springframework.boot.test.autoconfigure.web.client.MockRestServiceServerResetTestExecutionListener@3b00856b, org.springframework.boot.test.autoconfigure.web.servlet.MockMvcPrintOnlyOnFailureTestExecutionListener@3016fd5e, org.springframework.boot.test.autoconfigure.web.servlet.WebDriverTestExecutionListener@35d08e6c, org.springframework.boot.test.autoconfigure.webservices.client.MockWebServiceServerTestExecutionListener@53d102a2]

  .   ____          _            __ _ _
 /\\ / ___'_ __ _ _(_)_ __  __ _ \ \ \ \
( ( )\___ | '_ | '_| | '_ \/ _` | \ \ \ \
 \\/  ___)| |_)| | | | | || (_| |  ) ) ) )
  '  |____| .__|_| |_|_| |_\__, | / / / /
 =========|_|==============|___/=/_/_/_/
 :: Spring Boot ::        (v2.3.1.RELEASE)

10:02:13.718 [main] INFO  u.c.c.hr.devops.DevopsUnitTest - Starting DevopsUnitTest on Ogbeides-MacBook-Air.local with PID 59823 (started by mac in /Users/mac/Documents/Cognetiks/interview-devops/my-api)
10:02:13.718 [main] INFO  u.c.c.hr.devops.DevopsUnitTest - No active profile set, falling back to default profiles: default
10:02:14.237 [main] INFO  u.c.c.hr.devops.DevopsTestApp - Starting awesome application uk.co.correvate.hr.devops:my-api:1.0.1.1691075096 ...
10:02:14.466 [main] INFO  o.s.s.c.ThreadPoolTaskExecutor - Initializing ExecutorService 'applicationTaskExecutor'
10:02:14.638 [main] INFO  o.s.b.a.e.web.EndpointLinksResolver - Exposing 2 endpoint(s) beneath base path '/actuator'
10:02:14.666 [main] INFO  u.c.c.hr.devops.DevopsUnitTest - Started DevopsUnitTest in 1.165 seconds (JVM running for 1.827)
]]></system-out>
  </testcase>
  <testcase name="versionFormatTest" classname="uk.co.correvate.hr.devops.DevopsUnitTest" time="0.003"/>
</testsuite>